
ff: parsing domain file
domain 'ROVER' defined
 ... done.
ff: parsing problem file
problem 'MINIMIZE_EXTENSION_3' defined
 ... done.


warning: change on metric in wrong direction. metric replaced with plan length.

checking for cyclic := effects --- OK.

ff: search configuration is  best-first on 1*g(s) + 5*h(s) where
    metric is  plan length

advancing to distance:    7
                          6
                          5
                          4
                          3
                          2
                          1
                          0

ff: found legal plan as follows

step    0: ADD_SUMINISTRO Z R ALM
        1: MOVE_TO_LUGAR ALM ASE_A R
        2: DROP_SUMINISTRO R Z ASE_A DD
        3: MOVE_TO_LUGAR ASE_A ALM R
        4: ADD_SUMINISTRO Y R ALM
        5: MOVE_TO_LUGAR ALM ASE_A R
        6: DROP_SUMINISTRO R Y ASE_A CC
        7: MOVE_TO_LUGAR ASE_A ALM R
        8: ADD_SUMINISTRO X R ALM
        9: MOVE_TO_LUGAR ALM ASE_A R
       10: DROP_SUMINISTRO R X ASE_A AA
     

time spent:    0.00 seconds instantiating 68 easy, 6 hard action templates
               0.00 seconds reachability analysis, yielding 63 facts and 33 actions
               0.00 seconds creating final representation with 32 relevant facts, 8 relevant fluents
               0.00 seconds computing LNF
               0.00 seconds building connectivity graph
               0.00 seconds searching, evaluating 54 states, to a max depth of 0
               0.00 seconds total time

